0 info it worked if it ends with ok
1 verbose cli [ '/usr/bin/node', '/bin/npm', 'publish' ]
2 info using npm@3.5.2
3 info using node@v5.3.0
4 verbose publish [ '.' ]
5 silly cache add args [ '.', null ]
6 verbose cache add spec .
7 silly cache add parsed spec Result {
7 silly cache add   raw: '.',
7 silly cache add   scope: null,
7 silly cache add   name: null,
7 silly cache add   rawSpec: '.',
7 silly cache add   spec: '/home/nd0ut/workspace/karma-rosie',
7 silly cache add   type: 'directory' }
8 verbose addLocalDirectory /home/nd0ut/.npm/karma-rosie/0.0.1/package.tgz not in flight; packing
9 info lifecycle karma-rosie@0.0.1~prepublish: karma-rosie@0.0.1
10 silly lifecycle karma-rosie@0.0.1~prepublish: no script for prepublish, continuing
11 verbose tar pack [ '/home/nd0ut/.npm/karma-rosie/0.0.1/package.tgz',
11 verbose tar pack   '/home/nd0ut/workspace/karma-rosie' ]
12 verbose tarball /home/nd0ut/.npm/karma-rosie/0.0.1/package.tgz
13 verbose folder /home/nd0ut/workspace/karma-rosie
14 verbose addLocalTarball adding from inside cache /home/nd0ut/.npm/karma-rosie/0.0.1/package.tgz
15 silly cache afterAdd karma-rosie@0.0.1
16 verbose afterAdd /home/nd0ut/.npm/karma-rosie/0.0.1/package/package.json not in flight; writing
17 verbose afterAdd /home/nd0ut/.npm/karma-rosie/0.0.1/package/package.json written
18 silly publish { name: 'karma-rosie',
18 silly publish   version: '0.0.1',
18 silly publish   description: 'Karma adapter for rosie',
18 silly publish   keywords: [ 'karma', 'karma-plugin', 'factory', 'rosie' ],
18 silly publish   author: { name: 'nd0ut', email: 'nd0ut.me@gmail.com' },
18 silly publish   contributors: [],
18 silly publish   dependencies: {},
18 silly publish   peerDependencies: { karma: '^0.12.1', rosie: '^1.2.0' },
18 silly publish   repository: { type: 'git', url: 'git://github.com/nd0ut/karma-rosie.git' },
18 silly publish   main: './index.js',
18 silly publish   readme: 'karma-rosie\n==========\n\n[Rosie](https://github.com/bkeepers/rosie) for [Karma](http://karma-runner.github.io)\n\nInstallation\n------------\n```sh\n$ npm install karma-chai --save-dev\n```\n\nOr from Github:\n```sh\nnpm install \'git+https://github.com/nd0ut/karma-rosie.git\' --save-dev\n```\n\nAdd `rosie` to the `frameworks` key in your Karma configuration:\n\n```coffee\nmodule.exports = function(config) {\n  config.set({\n    basePath: \'\',\n    frameworks: [\'mocha-debug\', \'mocha\', \'sinon-chai\', \'rosie\'],\n```\n',
18 silly publish   readmeFilename: 'README.md',
18 silly publish   gitHead: '8071d8bff59faf92a174635dca4ed2288df11d79',
18 silly publish   bugs: { url: 'https://github.com/nd0ut/karma-rosie/issues' },
18 silly publish   homepage: 'https://github.com/nd0ut/karma-rosie#readme',
18 silly publish   _id: 'karma-rosie@0.0.1',
18 silly publish   scripts: {},
18 silly publish   _shasum: '854257ea364d8894aa7f236615db8d1533dc7e24',
18 silly publish   _from: '.' }
19 verbose getPublishConfig undefined
20 silly mapToRegistry name karma-rosie
21 silly mapToRegistry using default registry
22 silly mapToRegistry registry https://registry.npmjs.org/
23 silly mapToRegistry uri https://registry.npmjs.org/karma-rosie
24 verbose publish registryBase https://registry.npmjs.org/
25 silly publish uploading /home/nd0ut/.npm/karma-rosie/0.0.1/package.tgz
26 verbose request uri https://registry.npmjs.org/karma-rosie
27 verbose request sending authorization for write operation
28 info attempt registry request try #1 at 6:23:16 PM
29 verbose request id 68e82c1ebb8c0ac1
30 http request PUT https://registry.npmjs.org/karma-rosie
31 http 403 https://registry.npmjs.org/karma-rosie
32 verbose headers { 'content-type': 'application/json',
32 verbose headers   'cache-control': 'max-age=300',
32 verbose headers   'content-length': '95',
32 verbose headers   'accept-ranges': 'bytes',
32 verbose headers   date: 'Mon, 18 Jan 2016 15:28:39 GMT',
32 verbose headers   via: '1.1 varnish',
32 verbose headers   connection: 'keep-alive',
32 verbose headers   'x-served-by': 'cache-fra1236-FRA',
32 verbose headers   'x-cache': 'MISS',
32 verbose headers   'x-cache-hits': '0',
32 verbose headers   'x-timer': 'S1453130917.880175,VS0,VE1534' }
33 verbose request invalidating /home/nd0ut/.npm/registry.npmjs.org/karma-rosie on PUT
34 error publish Failed PUT 403
35 verbose stack Error: "You cannot publish over the previously published version 0.0.1." : karma-rosie
35 verbose stack     at makeError (/usr/lib/node_modules/npm/node_modules/npm-registry-client/lib/request.js:264:12)
35 verbose stack     at CachingRegistryClient.<anonymous> (/usr/lib/node_modules/npm/node_modules/npm-registry-client/lib/request.js:252:14)
35 verbose stack     at Request._callback (/usr/lib/node_modules/npm/node_modules/npm-registry-client/lib/request.js:172:14)
35 verbose stack     at Request.self.callback (/usr/lib/node_modules/npm/node_modules/request/request.js:198:22)
35 verbose stack     at emitTwo (events.js:87:13)
35 verbose stack     at Request.emit (events.js:172:7)
35 verbose stack     at Request.<anonymous> (/usr/lib/node_modules/npm/node_modules/request/request.js:1082:10)
35 verbose stack     at emitOne (events.js:82:20)
35 verbose stack     at Request.emit (events.js:169:7)
35 verbose stack     at IncomingMessage.<anonymous> (/usr/lib/node_modules/npm/node_modules/request/request.js:1009:12)
36 verbose statusCode 403
37 verbose pkgid karma-rosie
38 verbose cwd /home/nd0ut/workspace/karma-rosie
39 error Linux 4.2.5-1-ARCH
40 error argv "/usr/bin/node" "/bin/npm" "publish"
41 error node v5.3.0
42 error npm  v3.5.2
43 error code E403
44 error "You cannot publish over the previously published version 0.0.1." : karma-rosie
45 error If you need help, you may report this error at:
45 error     <https://github.com/npm/npm/issues>
46 verbose exit [ 1, true ]
